#! /usr/local/Cellar/icarus-verilog/10.1.1/bin/vvp
:ivl_version "10.1 (stable)" "(v10_1_1)";
:ivl_delay_selection "TYPICAL";
:vpi_time_precision + 0;
:vpi_module "system";
:vpi_module "vhdl_sys";
:vpi_module "v2005_math";
:vpi_module "va_math";
S_0x7fb13ac07560 .scope module, "top" "top" 2 1;
 .timescale 0 0;
v0x7fb13ac24750_0 .var "ck", 0 0;
v0x7fb13ac247f0_0 .var "in", 3 0;
v0x7fb13ac248a0_0 .var "s", 3 0;
v0x7fb13ac24950_0 .net "s1", 3 0, v0x7fb13ac24640_0;  1 drivers
E_0x7fb13ac10cd0 .event negedge, v0x7fb13ac14140_0;
S_0x7fb13ac032f0 .scope module, "sbox" "sbox" 2 7, 3 1 0, S_0x7fb13ac07560;
 .timescale 0 0;
    .port_info 0 /INPUT 4 "in"
    .port_info 1 /OUTPUT 4 "s"
    .port_info 2 /INPUT 1 "ck"
v0x7fb13ac14140_0 .net "ck", 0 0, v0x7fb13ac24750_0;  1 drivers
v0x7fb13ac24590_0 .net "in", 3 0, v0x7fb13ac247f0_0;  1 drivers
v0x7fb13ac24640_0 .var "s", 3 0;
E_0x7fb13ac131c0 .event posedge, v0x7fb13ac14140_0;
    .scope S_0x7fb13ac032f0;
T_0 ;
    %wait E_0x7fb13ac131c0;
    %load/vec4 v0x7fb13ac24590_0;
    %parti/s 1, 0, 2;
    %load/vec4 v0x7fb13ac24590_0;
    %parti/s 1, 3, 3;
    %concat/vec4; draw_concat_vec4
    %dup/vec4;
    %pushi/vec4 0, 0, 2;
    %cmp/u;
    %jmp/1 T_0.0, 6;
    %dup/vec4;
    %pushi/vec4 1, 0, 2;
    %cmp/u;
    %jmp/1 T_0.1, 6;
    %dup/vec4;
    %pushi/vec4 2, 0, 2;
    %cmp/u;
    %jmp/1 T_0.2, 6;
    %dup/vec4;
    %pushi/vec4 3, 0, 2;
    %cmp/u;
    %jmp/1 T_0.3, 6;
    %jmp T_0.4;
T_0.0 ;
    %load/vec4 v0x7fb13ac24590_0;
    %parti/s 1, 1, 2;
    %load/vec4 v0x7fb13ac24590_0;
    %parti/s 1, 2, 3;
    %concat/vec4; draw_concat_vec4
    %dup/vec4;
    %pushi/vec4 0, 0, 2;
    %cmp/u;
    %jmp/1 T_0.5, 6;
    %dup/vec4;
    %pushi/vec4 1, 0, 2;
    %cmp/u;
    %jmp/1 T_0.6, 6;
    %dup/vec4;
    %pushi/vec4 2, 0, 2;
    %cmp/u;
    %jmp/1 T_0.7, 6;
    %dup/vec4;
    %pushi/vec4 3, 0, 2;
    %cmp/u;
    %jmp/1 T_0.8, 6;
    %jmp T_0.9;
T_0.5 ;
    %pushi/vec4 14, 0, 4;
    %assign/vec4 v0x7fb13ac24640_0, 0;
    %jmp T_0.9;
T_0.6 ;
    %pushi/vec4 4, 0, 4;
    %assign/vec4 v0x7fb13ac24640_0, 0;
    %jmp T_0.9;
T_0.7 ;
    %pushi/vec4 13, 0, 4;
    %assign/vec4 v0x7fb13ac24640_0, 0;
    %jmp T_0.9;
T_0.8 ;
    %pushi/vec4 1, 0, 4;
    %assign/vec4 v0x7fb13ac24640_0, 0;
    %jmp T_0.9;
T_0.9 ;
    %pop/vec4 1;
    %jmp T_0.4;
T_0.1 ;
    %load/vec4 v0x7fb13ac24590_0;
    %parti/s 1, 1, 2;
    %load/vec4 v0x7fb13ac24590_0;
    %parti/s 1, 2, 3;
    %concat/vec4; draw_concat_vec4
    %dup/vec4;
    %pushi/vec4 0, 0, 2;
    %cmp/u;
    %jmp/1 T_0.10, 6;
    %dup/vec4;
    %pushi/vec4 1, 0, 2;
    %cmp/u;
    %jmp/1 T_0.11, 6;
    %dup/vec4;
    %pushi/vec4 2, 0, 2;
    %cmp/u;
    %jmp/1 T_0.12, 6;
    %dup/vec4;
    %pushi/vec4 3, 0, 2;
    %cmp/u;
    %jmp/1 T_0.13, 6;
    %jmp T_0.14;
T_0.10 ;
    %pushi/vec4 0, 0, 4;
    %assign/vec4 v0x7fb13ac24640_0, 0;
    %jmp T_0.14;
T_0.11 ;
    %pushi/vec4 15, 0, 4;
    %assign/vec4 v0x7fb13ac24640_0, 0;
    %jmp T_0.14;
T_0.12 ;
    %pushi/vec4 7, 0, 4;
    %assign/vec4 v0x7fb13ac24640_0, 0;
    %jmp T_0.14;
T_0.13 ;
    %pushi/vec4 4, 0, 4;
    %assign/vec4 v0x7fb13ac24640_0, 0;
    %jmp T_0.14;
T_0.14 ;
    %pop/vec4 1;
    %jmp T_0.4;
T_0.2 ;
    %load/vec4 v0x7fb13ac24590_0;
    %parti/s 1, 1, 2;
    %load/vec4 v0x7fb13ac24590_0;
    %parti/s 1, 2, 3;
    %concat/vec4; draw_concat_vec4
    %dup/vec4;
    %pushi/vec4 0, 0, 2;
    %cmp/u;
    %jmp/1 T_0.15, 6;
    %dup/vec4;
    %pushi/vec4 1, 0, 2;
    %cmp/u;
    %jmp/1 T_0.16, 6;
    %dup/vec4;
    %pushi/vec4 2, 0, 2;
    %cmp/u;
    %jmp/1 T_0.17, 6;
    %dup/vec4;
    %pushi/vec4 3, 0, 2;
    %cmp/u;
    %jmp/1 T_0.18, 6;
    %jmp T_0.19;
T_0.15 ;
    %pushi/vec4 4, 0, 4;
    %assign/vec4 v0x7fb13ac24640_0, 0;
    %jmp T_0.19;
T_0.16 ;
    %pushi/vec4 1, 0, 4;
    %assign/vec4 v0x7fb13ac24640_0, 0;
    %jmp T_0.19;
T_0.17 ;
    %pushi/vec4 14, 0, 4;
    %assign/vec4 v0x7fb13ac24640_0, 0;
    %jmp T_0.19;
T_0.18 ;
    %pushi/vec4 8, 0, 4;
    %assign/vec4 v0x7fb13ac24640_0, 0;
    %jmp T_0.19;
T_0.19 ;
    %pop/vec4 1;
    %jmp T_0.4;
T_0.3 ;
    %load/vec4 v0x7fb13ac24590_0;
    %parti/s 1, 1, 2;
    %load/vec4 v0x7fb13ac24590_0;
    %parti/s 1, 2, 3;
    %concat/vec4; draw_concat_vec4
    %dup/vec4;
    %pushi/vec4 0, 0, 2;
    %cmp/u;
    %jmp/1 T_0.20, 6;
    %dup/vec4;
    %pushi/vec4 1, 0, 2;
    %cmp/u;
    %jmp/1 T_0.21, 6;
    %dup/vec4;
    %pushi/vec4 2, 0, 2;
    %cmp/u;
    %jmp/1 T_0.22, 6;
    %dup/vec4;
    %pushi/vec4 3, 0, 2;
    %cmp/u;
    %jmp/1 T_0.23, 6;
    %jmp T_0.24;
T_0.20 ;
    %pushi/vec4 15, 0, 4;
    %assign/vec4 v0x7fb13ac24640_0, 0;
    %jmp T_0.24;
T_0.21 ;
    %pushi/vec4 12, 0, 4;
    %assign/vec4 v0x7fb13ac24640_0, 0;
    %jmp T_0.24;
T_0.22 ;
    %pushi/vec4 8, 0, 4;
    %assign/vec4 v0x7fb13ac24640_0, 0;
    %jmp T_0.24;
T_0.23 ;
    %pushi/vec4 2, 0, 4;
    %assign/vec4 v0x7fb13ac24640_0, 0;
    %jmp T_0.24;
T_0.24 ;
    %pop/vec4 1;
    %jmp T_0.4;
T_0.4 ;
    %pop/vec4 1;
    %jmp T_0;
    .thread T_0;
    .scope S_0x7fb13ac07560;
T_1 ;
    %pushi/vec4 0, 0, 1;
    %store/vec4 v0x7fb13ac24750_0, 0, 1;
    %delay 1000, 0;
    %vpi_call 2 13 "$display", "OK\012" {0 0 0};
    %vpi_call 2 14 "$finish" {0 0 0};
    %end;
    .thread T_1;
    .scope S_0x7fb13ac07560;
T_2 ;
    %delay 10, 0;
    %load/vec4 v0x7fb13ac24750_0;
    %inv;
    %assign/vec4 v0x7fb13ac24750_0, 0;
    %jmp T_2;
    .thread T_2;
    .scope S_0x7fb13ac07560;
T_3 ;
    %wait E_0x7fb13ac10cd0;
    %vpi_func 2 20 "$random" 32 {0 0 0};
    %pad/s 4;
    %store/vec4 v0x7fb13ac247f0_0, 0, 4;
    %jmp T_3;
    .thread T_3;
    .scope S_0x7fb13ac07560;
T_4 ;
    %wait E_0x7fb13ac10cd0;
    %load/vec4 v0x7fb13ac248a0_0;
    %load/vec4 v0x7fb13ac24950_0;
    %cmp/ne;
    %jmp/0xz  T_4.0, 4;
    %vpi_call 2 26 "$finish" {0 0 0};
T_4.0 ;
    %jmp T_4;
    .thread T_4;
    .scope S_0x7fb13ac07560;
T_5 ;
    %wait E_0x7fb13ac131c0;
    %load/vec4 v0x7fb13ac247f0_0;
    %parti/s 1, 0, 2;
    %load/vec4 v0x7fb13ac247f0_0;
    %parti/s 1, 3, 3;
    %concat/vec4; draw_concat_vec4
    %dup/vec4;
    %pushi/vec4 0, 0, 2;
    %cmp/u;
    %jmp/1 T_5.0, 6;
    %dup/vec4;
    %pushi/vec4 1, 0, 2;
    %cmp/u;
    %jmp/1 T_5.1, 6;
    %dup/vec4;
    %pushi/vec4 2, 0, 2;
    %cmp/u;
    %jmp/1 T_5.2, 6;
    %dup/vec4;
    %pushi/vec4 3, 0, 2;
    %cmp/u;
    %jmp/1 T_5.3, 6;
    %jmp T_5.4;
T_5.0 ;
    %load/vec4 v0x7fb13ac247f0_0;
    %parti/s 1, 1, 2;
    %load/vec4 v0x7fb13ac247f0_0;
    %parti/s 1, 2, 3;
    %concat/vec4; draw_concat_vec4
    %dup/vec4;
    %pushi/vec4 0, 0, 2;
    %cmp/u;
    %jmp/1 T_5.5, 6;
    %dup/vec4;
    %pushi/vec4 1, 0, 2;
    %cmp/u;
    %jmp/1 T_5.6, 6;
    %dup/vec4;
    %pushi/vec4 2, 0, 2;
    %cmp/u;
    %jmp/1 T_5.7, 6;
    %dup/vec4;
    %pushi/vec4 3, 0, 2;
    %cmp/u;
    %jmp/1 T_5.8, 6;
    %jmp T_5.9;
T_5.5 ;
    %pushi/vec4 14, 0, 4;
    %assign/vec4 v0x7fb13ac248a0_0, 0;
    %jmp T_5.9;
T_5.6 ;
    %pushi/vec4 4, 0, 4;
    %assign/vec4 v0x7fb13ac248a0_0, 0;
    %jmp T_5.9;
T_5.7 ;
    %pushi/vec4 13, 0, 4;
    %assign/vec4 v0x7fb13ac248a0_0, 0;
    %jmp T_5.9;
T_5.8 ;
    %pushi/vec4 1, 0, 4;
    %assign/vec4 v0x7fb13ac248a0_0, 0;
    %jmp T_5.9;
T_5.9 ;
    %pop/vec4 1;
    %jmp T_5.4;
T_5.1 ;
    %load/vec4 v0x7fb13ac247f0_0;
    %parti/s 1, 1, 2;
    %load/vec4 v0x7fb13ac247f0_0;
    %parti/s 1, 2, 3;
    %concat/vec4; draw_concat_vec4
    %dup/vec4;
    %pushi/vec4 0, 0, 2;
    %cmp/u;
    %jmp/1 T_5.10, 6;
    %dup/vec4;
    %pushi/vec4 1, 0, 2;
    %cmp/u;
    %jmp/1 T_5.11, 6;
    %dup/vec4;
    %pushi/vec4 2, 0, 2;
    %cmp/u;
    %jmp/1 T_5.12, 6;
    %dup/vec4;
    %pushi/vec4 3, 0, 2;
    %cmp/u;
    %jmp/1 T_5.13, 6;
    %jmp T_5.14;
T_5.10 ;
    %pushi/vec4 0, 0, 4;
    %assign/vec4 v0x7fb13ac248a0_0, 0;
    %jmp T_5.14;
T_5.11 ;
    %pushi/vec4 15, 0, 4;
    %assign/vec4 v0x7fb13ac248a0_0, 0;
    %jmp T_5.14;
T_5.12 ;
    %pushi/vec4 7, 0, 4;
    %assign/vec4 v0x7fb13ac248a0_0, 0;
    %jmp T_5.14;
T_5.13 ;
    %pushi/vec4 4, 0, 4;
    %assign/vec4 v0x7fb13ac248a0_0, 0;
    %jmp T_5.14;
T_5.14 ;
    %pop/vec4 1;
    %jmp T_5.4;
T_5.2 ;
    %load/vec4 v0x7fb13ac247f0_0;
    %parti/s 1, 1, 2;
    %load/vec4 v0x7fb13ac247f0_0;
    %parti/s 1, 2, 3;
    %concat/vec4; draw_concat_vec4
    %dup/vec4;
    %pushi/vec4 0, 0, 2;
    %cmp/u;
    %jmp/1 T_5.15, 6;
    %dup/vec4;
    %pushi/vec4 1, 0, 2;
    %cmp/u;
    %jmp/1 T_5.16, 6;
    %dup/vec4;
    %pushi/vec4 2, 0, 2;
    %cmp/u;
    %jmp/1 T_5.17, 6;
    %dup/vec4;
    %pushi/vec4 3, 0, 2;
    %cmp/u;
    %jmp/1 T_5.18, 6;
    %jmp T_5.19;
T_5.15 ;
    %pushi/vec4 4, 0, 4;
    %assign/vec4 v0x7fb13ac248a0_0, 0;
    %jmp T_5.19;
T_5.16 ;
    %pushi/vec4 1, 0, 4;
    %assign/vec4 v0x7fb13ac248a0_0, 0;
    %jmp T_5.19;
T_5.17 ;
    %pushi/vec4 14, 0, 4;
    %assign/vec4 v0x7fb13ac248a0_0, 0;
    %jmp T_5.19;
T_5.18 ;
    %pushi/vec4 8, 0, 4;
    %assign/vec4 v0x7fb13ac248a0_0, 0;
    %jmp T_5.19;
T_5.19 ;
    %pop/vec4 1;
    %jmp T_5.4;
T_5.3 ;
    %load/vec4 v0x7fb13ac247f0_0;
    %parti/s 1, 1, 2;
    %load/vec4 v0x7fb13ac247f0_0;
    %parti/s 1, 2, 3;
    %concat/vec4; draw_concat_vec4
    %dup/vec4;
    %pushi/vec4 0, 0, 2;
    %cmp/u;
    %jmp/1 T_5.20, 6;
    %dup/vec4;
    %pushi/vec4 1, 0, 2;
    %cmp/u;
    %jmp/1 T_5.21, 6;
    %dup/vec4;
    %pushi/vec4 2, 0, 2;
    %cmp/u;
    %jmp/1 T_5.22, 6;
    %dup/vec4;
    %pushi/vec4 3, 0, 2;
    %cmp/u;
    %jmp/1 T_5.23, 6;
    %jmp T_5.24;
T_5.20 ;
    %pushi/vec4 15, 0, 4;
    %assign/vec4 v0x7fb13ac248a0_0, 0;
    %jmp T_5.24;
T_5.21 ;
    %pushi/vec4 12, 0, 4;
    %assign/vec4 v0x7fb13ac248a0_0, 0;
    %jmp T_5.24;
T_5.22 ;
    %pushi/vec4 8, 0, 4;
    %assign/vec4 v0x7fb13ac248a0_0, 0;
    %jmp T_5.24;
T_5.23 ;
    %pushi/vec4 2, 0, 4;
    %assign/vec4 v0x7fb13ac248a0_0, 0;
    %jmp T_5.24;
T_5.24 ;
    %pop/vec4 1;
    %jmp T_5.4;
T_5.4 ;
    %pop/vec4 1;
    %jmp T_5;
    .thread T_5;
# The file index is used to find the file name in the following table.
:file_names 4;
    "N/A";
    "<interactive>";
    "simsbox2.v";
    "sbox.v";
